P-CAD DXF In Error Log

======================================================================

DXF In File Name  = D:\Dropbox\Payalo\screen_pcb.DXF

Warning (line 1036): Unable to convert LINE object.
Warning (line 1058): Unable to convert LINE object.
Warning (line 1080): Unable to convert LINE object.
Warning (line 1102): Unable to convert LINE object.
Warning (line 1124): Unable to convert LINE object.
Warning (line 1146): Unable to convert LINE object.
Warning (line 1168): Unable to convert LINE object.
Warning (line 1190): Unable to convert LINE object.
Warning (line 1212): Unable to convert LINE object.
Warning (line 1234): Unable to convert LINE object.
Warning (line 1256): Unable to convert LINE object.
Warning (line 1278): Unable to convert LINE object.
Warning (line 1300): Unable to convert LINE object.
Warning (line 1322): Unable to convert LINE object.
Warning (line 1344): Unable to convert LINE object.
Warning (line 1366): Unable to convert LINE object.
Warning (line 1388): Unable to convert LINE object.
Warning (line 1410): Unable to convert LINE object.
Warning (line 1432): Unable to convert LINE object.
Warning (line 1454): Unable to convert LINE object.
Warning (line 1476): Unable to convert LINE object.
Warning (line 1498): Unable to convert LINE object.
Warning (line 1520): Unable to convert LINE object.
Warning (line 1542): Unable to convert LINE object.
Warning (line 1564): Unable to convert ARC object.
Warning (line 1582): Unable to convert ARC object.
Warning (line 1600): Unable to convert LINE object.
Warning (line 1622): Unable to convert LINE object.
Warning (line 1644): Unable to convert LINE object.
Warning (line 1666): Unable to convert LINE object.
Warning (line 1688): Unable to convert LINE object.
Warning (line 1710): Unable to convert LINE object.
Warning (line 1732): Unable to convert LINE object.
Warning (line 1754): Unable to convert LINE object.
Warning (line 1776): Unable to convert LINE object.
Warning (line 1798): Unable to convert LINE object.
Warning (line 1820): Unable to convert LINE object.
Warning (line 1842): Unable to convert LINE object.
Warning (line 1864): Unable to convert LINE object.
Warning (line 1886): Unable to convert LINE object.
Warning (line 1908): Unable to convert LINE object.
Warning (line 1930): Unable to convert LINE object.
Warning (line 1952): Unable to convert LINE object.
Warning (line 1974): Unable to convert LINE object.
Warning (line 1996): Unable to convert LINE object.
Warning (line 2018): Unable to convert LINE object.
Warning (line 2040): Unable to convert LINE object.
Warning (line 2062): Unable to convert LINE object.
Warning (line 2084): Unable to convert LINE object.
Warning (line 2106): Unable to convert LINE object.
Warning (line 2128): Unable to convert LINE object.
Warning (line 2150): Unable to convert LINE object.
Warning (line 2172): Unable to convert LINE object.
Warning (line 2194): Unable to convert LINE object.
Warning (line 2216): Unable to convert LINE object.
Warning (line 2238): Unable to convert LINE object.

----------------------------------------------------------------------

19-Dec-22  00:01                                            Page    1

P-CAD DXF In Error Log

======================================================================

Warning (line 2260): Unable to convert LINE object.
Warning (line 2282): Unable to convert LINE object.
Warning (line 2304): Unable to convert LINE object.
Warning (line 2326): Unable to convert LINE object.
Warning (line 2348): Unable to convert LINE object.
Warning (line 2370): Unable to convert LINE object.
Warning (line 2392): Unable to convert LINE object.
Warning (line 2414): Unable to convert LINE object.
Warning (line 2436): Unable to convert LINE object.
Warning (line 2458): Unable to convert LINE object.
Warning (line 2480): Unable to convert LINE object.
Warning (line 2502): Unable to convert LINE object.
Warning (line 2524): Unable to convert LINE object.
Warning (line 2546): Unable to convert LINE object.
Warning (line 2568): Unable to convert LINE object.
Warning (line 2590): Unable to convert LINE object.
Warning (line 2612): Unable to convert LINE object.
Warning (line 2634): Unable to convert LINE object.
Warning (line 2656): Unable to convert LINE object.
Warning (line 2678): Unable to convert LINE object.
Warning (line 2700): Unable to convert LINE object.
Warning (line 2722): Unable to convert LINE object.
Warning (line 2744): Unable to convert LINE object.
Warning (line 2766): Unable to convert LINE object.
Warning (line 2788): Unable to convert LINE object.
Warning (line 2810): Unable to convert LINE object.
Warning (line 2832): Unable to convert LINE object.






























----------------------------------------------------------------------

19-Dec-22  00:01                                            Page    2

